<?xml version="1.0" encoding="UTF-8"?>
<testsuite name="TicTacToeTest" tests="1" skipped="0" failures="0" errors="0" timestamp="2020-08-27T01:07:54" hostname="vladimir-linux" time="0.425">
  <properties/>
  <testcase name="start" classname="TicTacToeTest" time="0.425"/>
  <system-out><![CDATA[?[1;31m
Start test 1?[0m
Enter cells: O_OXXO_XX
> O_OXXO_XX
---------
| O _ O |
| X X O |
| _ X X |
---------
?[1;31m
Start test 2?[0m
Enter cells: O_OXXO_XX
> OXO__X_OX
---------
| O X O |
| _ _ X |
| _ O X |
---------
?[1;31m
Start test 3?[0m
Enter cells: O_OXXO_XX
> _________
---------
| _ _ _ |
| _ _ _ |
| _ _ _ |
---------
?[1;31m
Start test 4?[0m
Enter cells: O_OXXO_XX
> _O__X___X
---------
| _ O _ |
| _ X _ |
| _ _ X |
---------
]]></system-out>
  <system-err><![CDATA[]]></system-err>
</testsuite>
